{"/home/vini/Downloads/desafio-lanchonete-2023/src/caixa-da-lanchonete.js": {"path":"/home/vini/Downloads/desafio-lanchonete-2023/src/caixa-da-lanchonete.js","all":false,"statementMap":{"0":{"start":{"line":1,"column":0},"end":{"line":1,"column":68}},"1":{"start":{"line":2,"column":0},"end":{"line":2,"column":64}},"2":{"start":{"line":3,"column":0},"end":{"line":3,"column":0}},"3":{"start":{"line":4,"column":0},"end":{"line":4,"column":25}},"4":{"start":{"line":5,"column":0},"end":{"line":5,"column":51}},"5":{"start":{"line":6,"column":0},"end":{"line":6,"column":18}},"6":{"start":{"line":7,"column":0},"end":{"line":7,"column":0}},"7":{"start":{"line":8,"column":0},"end":{"line":8,"column":62}},"8":{"start":{"line":9,"column":0},"end":{"line":9,"column":44}},"9":{"start":{"line":10,"column":0},"end":{"line":10,"column":5}},"10":{"start":{"line":11,"column":0},"end":{"line":11,"column":0}},"11":{"start":{"line":12,"column":0},"end":{"line":12,"column":28}},"12":{"start":{"line":13,"column":0},"end":{"line":13,"column":51}},"13":{"start":{"line":14,"column":0},"end":{"line":14,"column":5}},"14":{"start":{"line":15,"column":0},"end":{"line":15,"column":0}},"15":{"start":{"line":16,"column":0},"end":{"line":16,"column":21}},"16":{"start":{"line":17,"column":0},"end":{"line":17,"column":44}},"17":{"start":{"line":18,"column":0},"end":{"line":18,"column":53}},"18":{"start":{"line":19,"column":0},"end":{"line":19,"column":0}},"19":{"start":{"line":20,"column":0},"end":{"line":20,"column":45}},"20":{"start":{"line":21,"column":0},"end":{"line":21,"column":32}},"21":{"start":{"line":22,"column":0},"end":{"line":22,"column":7}},"22":{"start":{"line":23,"column":0},"end":{"line":23,"column":0}},"23":{"start":{"line":24,"column":0},"end":{"line":24,"column":38}},"24":{"start":{"line":25,"column":0},"end":{"line":25,"column":40}},"25":{"start":{"line":26,"column":0},"end":{"line":26,"column":52}},"26":{"start":{"line":27,"column":0},"end":{"line":27,"column":8}},"27":{"start":{"line":28,"column":0},"end":{"line":28,"column":0}},"28":{"start":{"line":29,"column":0},"end":{"line":29,"column":10}},"29":{"start":{"line":30,"column":0},"end":{"line":30,"column":30}},"30":{"start":{"line":31,"column":0},"end":{"line":31,"column":65}},"31":{"start":{"line":32,"column":0},"end":{"line":32,"column":23}},"32":{"start":{"line":33,"column":0},"end":{"line":33,"column":9}},"33":{"start":{"line":34,"column":0},"end":{"line":34,"column":32}},"34":{"start":{"line":35,"column":0},"end":{"line":35,"column":7}},"35":{"start":{"line":36,"column":0},"end":{"line":36,"column":0}},"36":{"start":{"line":37,"column":0},"end":{"line":37,"column":51}},"37":{"start":{"line":38,"column":0},"end":{"line":38,"column":38}},"38":{"start":{"line":39,"column":0},"end":{"line":39,"column":7}},"39":{"start":{"line":40,"column":0},"end":{"line":40,"column":0}},"40":{"start":{"line":41,"column":0},"end":{"line":41,"column":62}},"41":{"start":{"line":42,"column":0},"end":{"line":42,"column":0}},"42":{"start":{"line":43,"column":0},"end":{"line":43,"column":39}},"43":{"start":{"line":44,"column":0},"end":{"line":44,"column":45}},"44":{"start":{"line":45,"column":0},"end":{"line":45,"column":66}},"45":{"start":{"line":46,"column":0},"end":{"line":46,"column":9}},"46":{"start":{"line":47,"column":0},"end":{"line":47,"column":7}},"47":{"start":{"line":48,"column":0},"end":{"line":48,"column":0}},"48":{"start":{"line":49,"column":0},"end":{"line":49,"column":41}},"49":{"start":{"line":50,"column":0},"end":{"line":50,"column":40}},"50":{"start":{"line":51,"column":0},"end":{"line":51,"column":66}},"51":{"start":{"line":52,"column":0},"end":{"line":52,"column":9}},"52":{"start":{"line":53,"column":0},"end":{"line":53,"column":7}},"53":{"start":{"line":54,"column":0},"end":{"line":54,"column":0}},"54":{"start":{"line":55,"column":0},"end":{"line":55,"column":19}},"55":{"start":{"line":56,"column":0},"end":{"line":56,"column":30}},"56":{"start":{"line":57,"column":0},"end":{"line":57,"column":71}},"57":{"start":{"line":58,"column":0},"end":{"line":58,"column":51}},"58":{"start":{"line":59,"column":0},"end":{"line":59,"column":8}},"59":{"start":{"line":60,"column":0},"end":{"line":60,"column":5}},"60":{"start":{"line":61,"column":0},"end":{"line":61,"column":0}},"61":{"start":{"line":62,"column":0},"end":{"line":62,"column":57}},"62":{"start":{"line":63,"column":0},"end":{"line":63,"column":0}},"63":{"start":{"line":64,"column":0},"end":{"line":64,"column":43}},"64":{"start":{"line":65,"column":0},"end":{"line":65,"column":33}},"65":{"start":{"line":66,"column":0},"end":{"line":66,"column":5}},"66":{"start":{"line":67,"column":0},"end":{"line":67,"column":0}},"67":{"start":{"line":68,"column":0},"end":{"line":68,"column":42}},"68":{"start":{"line":69,"column":0},"end":{"line":69,"column":33}},"69":{"start":{"line":70,"column":0},"end":{"line":70,"column":5}},"70":{"start":{"line":71,"column":0},"end":{"line":71,"column":0}},"71":{"start":{"line":72,"column":0},"end":{"line":72,"column":54}},"72":{"start":{"line":73,"column":0},"end":{"line":73,"column":3}},"73":{"start":{"line":74,"column":0},"end":{"line":74,"column":1}},"74":{"start":{"line":75,"column":0},"end":{"line":75,"column":0}},"75":{"start":{"line":76,"column":0},"end":{"line":76,"column":29}}},"s":{"0":1,"1":1,"2":1,"3":1,"4":1,"5":19,"6":19,"7":19,"8":1,"9":1,"10":18,"11":19,"12":3,"13":3,"14":15,"15":15,"16":19,"17":25,"18":25,"19":25,"20":1,"21":1,"22":24,"23":24,"24":24,"25":24,"26":24,"27":24,"28":24,"29":24,"30":24,"31":24,"32":25,"33":1,"34":1,"35":23,"36":25,"37":1,"38":1,"39":22,"40":22,"41":22,"42":25,"43":17,"44":2,"45":2,"46":17,"47":20,"48":25,"49":2,"50":2,"51":2,"52":2,"53":18,"54":18,"55":18,"56":18,"57":18,"58":18,"59":18,"60":18,"61":18,"62":18,"63":19,"64":2,"65":2,"66":8,"67":19,"68":3,"69":3,"70":8,"71":8,"72":8,"73":1,"74":1,"75":1},"branchMap":{"0":{"type":"branch","line":5,"loc":{"start":{"line":5,"column":2},"end":{"line":73,"column":3}},"locations":[{"start":{"line":5,"column":2},"end":{"line":73,"column":3}}]},"1":{"type":"branch","line":8,"loc":{"start":{"line":8,"column":61},"end":{"line":10,"column":5}},"locations":[{"start":{"line":8,"column":61},"end":{"line":10,"column":5}}]},"2":{"type":"branch","line":10,"loc":{"start":{"line":10,"column":4},"end":{"line":12,"column":27}},"locations":[{"start":{"line":10,"column":4},"end":{"line":12,"column":27}}]},"3":{"type":"branch","line":12,"loc":{"start":{"line":12,"column":27},"end":{"line":14,"column":5}},"locations":[{"start":{"line":12,"column":27},"end":{"line":14,"column":5}}]},"4":{"type":"branch","line":14,"loc":{"start":{"line":14,"column":4},"end":{"line":17,"column":43}},"locations":[{"start":{"line":14,"column":4},"end":{"line":17,"column":43}}]},"5":{"type":"branch","line":17,"loc":{"start":{"line":17,"column":43},"end":{"line":60,"column":5}},"locations":[{"start":{"line":17,"column":43},"end":{"line":60,"column":5}}]},"6":{"type":"branch","line":20,"loc":{"start":{"line":20,"column":44},"end":{"line":22,"column":7}},"locations":[{"start":{"line":20,"column":44},"end":{"line":22,"column":7}}]},"7":{"type":"branch","line":22,"loc":{"start":{"line":22,"column":6},"end":{"line":32,"column":23}},"locations":[{"start":{"line":22,"column":6},"end":{"line":32,"column":23}}]},"8":{"type":"branch","line":33,"loc":{"start":{"line":33,"column":8},"end":{"line":35,"column":7}},"locations":[{"start":{"line":33,"column":8},"end":{"line":35,"column":7}}]},"9":{"type":"branch","line":35,"loc":{"start":{"line":35,"column":6},"end":{"line":37,"column":50}},"locations":[{"start":{"line":35,"column":6},"end":{"line":37,"column":50}}]},"10":{"type":"branch","line":37,"loc":{"start":{"line":37,"column":50},"end":{"line":39,"column":7}},"locations":[{"start":{"line":37,"column":50},"end":{"line":39,"column":7}}]},"11":{"type":"branch","line":39,"loc":{"start":{"line":39,"column":6},"end":{"line":43,"column":38}},"locations":[{"start":{"line":39,"column":6},"end":{"line":43,"column":38}}]},"12":{"type":"branch","line":43,"loc":{"start":{"line":43,"column":38},"end":{"line":47,"column":7}},"locations":[{"start":{"line":43,"column":38},"end":{"line":47,"column":7}}]},"13":{"type":"branch","line":44,"loc":{"start":{"line":44,"column":44},"end":{"line":46,"column":9}},"locations":[{"start":{"line":44,"column":44},"end":{"line":46,"column":9}}]},"14":{"type":"branch","line":47,"loc":{"start":{"line":47,"column":6},"end":{"line":49,"column":40}},"locations":[{"start":{"line":47,"column":6},"end":{"line":49,"column":40}}]},"15":{"type":"branch","line":49,"loc":{"start":{"line":49,"column":40},"end":{"line":53,"column":7}},"locations":[{"start":{"line":49,"column":40},"end":{"line":53,"column":7}}]},"16":{"type":"branch","line":53,"loc":{"start":{"line":53,"column":6},"end":{"line":60,"column":5}},"locations":[{"start":{"line":53,"column":6},"end":{"line":60,"column":5}}]},"17":{"type":"branch","line":60,"loc":{"start":{"line":60,"column":4},"end":{"line":64,"column":42}},"locations":[{"start":{"line":60,"column":4},"end":{"line":64,"column":42}}]},"18":{"type":"branch","line":64,"loc":{"start":{"line":64,"column":42},"end":{"line":66,"column":5}},"locations":[{"start":{"line":64,"column":42},"end":{"line":66,"column":5}}]},"19":{"type":"branch","line":66,"loc":{"start":{"line":66,"column":4},"end":{"line":68,"column":41}},"locations":[{"start":{"line":66,"column":4},"end":{"line":68,"column":41}}]},"20":{"type":"branch","line":68,"loc":{"start":{"line":68,"column":41},"end":{"line":70,"column":5}},"locations":[{"start":{"line":68,"column":41},"end":{"line":70,"column":5}}]},"21":{"type":"branch","line":70,"loc":{"start":{"line":70,"column":4},"end":{"line":73,"column":3}},"locations":[{"start":{"line":70,"column":4},"end":{"line":73,"column":3}}]},"22":{"type":"branch","line":31,"loc":{"start":{"line":31,"column":11},"end":{"line":31,"column":65}},"locations":[{"start":{"line":31,"column":11},"end":{"line":31,"column":65}}]},"23":{"type":"branch","line":41,"loc":{"start":{"line":41,"column":33},"end":{"line":41,"column":60}},"locations":[{"start":{"line":41,"column":33},"end":{"line":41,"column":60}}]},"24":{"type":"branch","line":57,"loc":{"start":{"line":57,"column":11},"end":{"line":57,"column":71}},"locations":[{"start":{"line":57,"column":11},"end":{"line":57,"column":71}}]},"25":{"type":"branch","line":62,"loc":{"start":{"line":62,"column":27},"end":{"line":62,"column":52}},"locations":[{"start":{"line":62,"column":27},"end":{"line":62,"column":52}}]}},"b":{"0":[19],"1":[1],"2":[18],"3":[3],"4":[15],"5":[25],"6":[1],"7":[24],"8":[1],"9":[23],"10":[1],"11":[22],"12":[17],"13":[2],"14":[20],"15":[2],"16":[18],"17":[18],"18":[2],"19":[8],"20":[3],"21":[8],"22":[72],"23":[54],"24":[53],"25":[18]},"fnMap":{"0":{"name":"calcularValorDaCompra","decl":{"start":{"line":5,"column":2},"end":{"line":73,"column":3}},"loc":{"start":{"line":5,"column":2},"end":{"line":73,"column":3}},"line":5}},"f":{"0":19}}
,"/home/vini/Downloads/desafio-lanchonete-2023/src/catalogo-da-lanchonente.js": {"path":"/home/vini/Downloads/desafio-lanchonete-2023/src/catalogo-da-lanchonente.js","all":false,"statementMap":{"0":{"start":{"line":1,"column":0},"end":{"line":1,"column":26}},"1":{"start":{"line":2,"column":0},"end":{"line":2,"column":52}},"2":{"start":{"line":3,"column":0},"end":{"line":3,"column":76}},"3":{"start":{"line":4,"column":0},"end":{"line":4,"column":60}},"4":{"start":{"line":5,"column":0},"end":{"line":5,"column":62}},"5":{"start":{"line":6,"column":0},"end":{"line":6,"column":77}},"6":{"start":{"line":7,"column":0},"end":{"line":7,"column":59}},"7":{"start":{"line":8,"column":0},"end":{"line":8,"column":70}},"8":{"start":{"line":9,"column":0},"end":{"line":9,"column":70}},"9":{"start":{"line":10,"column":0},"end":{"line":10,"column":2}},"10":{"start":{"line":11,"column":0},"end":{"line":11,"column":0}},"11":{"start":{"line":12,"column":0},"end":{"line":12,"column":28}}},"s":{"0":1,"1":1,"2":1,"3":1,"4":1,"5":1,"6":1,"7":1,"8":1,"9":1,"10":1,"11":1},"branchMap":{},"b":{},"fnMap":{},"f":{}}
,"/home/vini/Downloads/desafio-lanchonete-2023/src/formas-de-pagamentos.js": {"path":"/home/vini/Downloads/desafio-lanchonete-2023/src/formas-de-pagamentos.js","all":false,"statementMap":{"0":{"start":{"line":1,"column":0},"end":{"line":1,"column":56}},"1":{"start":{"line":2,"column":0},"end":{"line":2,"column":62}},"2":{"start":{"line":3,"column":0},"end":{"line":3,"column":0}},"3":{"start":{"line":4,"column":0},"end":{"line":4,"column":35}},"4":{"start":{"line":5,"column":0},"end":{"line":5,"column":50}},"5":{"start":{"line":6,"column":0},"end":{"line":6,"column":0}},"6":{"start":{"line":7,"column":0},"end":{"line":7,"column":35}},"7":{"start":{"line":8,"column":0},"end":{"line":8,"column":16}},"8":{"start":{"line":9,"column":0},"end":{"line":9,"column":3}},"9":{"start":{"line":10,"column":0},"end":{"line":10,"column":0}},"10":{"start":{"line":11,"column":0},"end":{"line":11,"column":35}},"11":{"start":{"line":12,"column":0},"end":{"line":12,"column":2}},"12":{"start":{"line":13,"column":0},"end":{"line":13,"column":0}},"13":{"start":{"line":14,"column":0},"end":{"line":14,"column":35}}},"s":{"0":1,"1":19,"2":19,"3":19,"4":19,"5":19,"6":19,"7":1,"8":1,"9":18,"10":18,"11":18,"12":1,"13":1},"branchMap":{"0":{"type":"branch","line":1,"loc":{"start":{"line":1,"column":33},"end":{"line":12,"column":2}},"locations":[{"start":{"line":1,"column":33},"end":{"line":12,"column":2}}]},"1":{"type":"branch","line":7,"loc":{"start":{"line":7,"column":34},"end":{"line":9,"column":3}},"locations":[{"start":{"line":7,"column":34},"end":{"line":9,"column":3}}]},"2":{"type":"branch","line":9,"loc":{"start":{"line":9,"column":2},"end":{"line":12,"column":2}},"locations":[{"start":{"line":9,"column":2},"end":{"line":12,"column":2}}]}},"b":{"0":[19],"1":[1],"2":[18]},"fnMap":{"0":{"name":"validaFormaDePagamentos","decl":{"start":{"line":1,"column":33},"end":{"line":12,"column":2}},"loc":{"start":{"line":1,"column":33},"end":{"line":12,"column":2}},"line":1}},"f":{"0":19}}
}
