TN:
SF:src/caixa-da-lanchonete.js
FN:5,calcularValorDaCompra
FNF:1
FNH:1
FNDA:19,calcularValorDaCompra
DA:1,1
DA:2,1
DA:3,1
DA:4,1
DA:5,1
DA:6,19
DA:7,19
DA:8,19
DA:9,1
DA:10,1
DA:11,18
DA:12,19
DA:13,3
DA:14,3
DA:15,15
DA:16,15
DA:17,19
DA:18,25
DA:19,25
DA:20,25
DA:21,1
DA:22,1
DA:23,24
DA:24,24
DA:25,24
DA:26,24
DA:27,24
DA:28,24
DA:29,24
DA:30,24
DA:31,24
DA:32,24
DA:33,25
DA:34,1
DA:35,1
DA:36,23
DA:37,25
DA:38,1
DA:39,1
DA:40,22
DA:41,22
DA:42,22
DA:43,25
DA:44,17
DA:45,2
DA:46,2
DA:47,17
DA:48,20
DA:49,25
DA:50,2
DA:51,2
DA:52,2
DA:53,2
DA:54,18
DA:55,18
DA:56,18
DA:57,18
DA:58,18
DA:59,18
DA:60,18
DA:61,18
DA:62,18
DA:63,18
DA:64,19
DA:65,2
DA:66,2
DA:67,8
DA:68,19
DA:69,3
DA:70,3
DA:71,8
DA:72,8
DA:73,8
DA:74,1
DA:75,1
DA:76,1
LF:76
LH:76
BRDA:5,0,0,19
BRDA:8,1,0,1
BRDA:10,2,0,18
BRDA:12,3,0,3
BRDA:14,4,0,15
BRDA:17,5,0,25
BRDA:20,6,0,1
BRDA:22,7,0,24
BRDA:33,8,0,1
BRDA:35,9,0,23
BRDA:37,10,0,1
BRDA:39,11,0,22
BRDA:43,12,0,17
BRDA:44,13,0,2
BRDA:47,14,0,20
BRDA:49,15,0,2
BRDA:53,16,0,18
BRDA:60,17,0,18
BRDA:64,18,0,2
BRDA:66,19,0,8
BRDA:68,20,0,3
BRDA:70,21,0,8
BRDA:31,22,0,72
BRDA:41,23,0,54
BRDA:57,24,0,53
BRDA:62,25,0,18
BRF:26
BRH:26
end_of_record
TN:
SF:src/catalogo-da-lanchonente.js
FNF:0
FNH:0
DA:1,1
DA:2,1
DA:3,1
DA:4,1
DA:5,1
DA:6,1
DA:7,1
DA:8,1
DA:9,1
DA:10,1
DA:11,1
DA:12,1
LF:12
LH:12
BRF:0
BRH:0
end_of_record
TN:
SF:src/formas-de-pagamentos.js
FN:1,validaFormaDePagamentos
FNF:1
FNH:1
FNDA:19,validaFormaDePagamentos
DA:1,1
DA:2,19
DA:3,19
DA:4,19
DA:5,19
DA:6,19
DA:7,19
DA:8,1
DA:9,1
DA:10,18
DA:11,18
DA:12,18
DA:13,1
DA:14,1
LF:14
LH:14
BRDA:1,0,0,19
BRDA:7,1,0,1
BRDA:9,2,0,18
BRF:3
BRH:3
end_of_record
